[1:18:59.262] Global cache location '/home/shane/.cache/typescript/3.2', safe file path '/usr/local/lib/node_modules/typescript/lib/typingSafeList.json', types map path /usr/local/lib/node_modules/typescript/lib/typesMap.json
[1:18:59.263] Processing cache location '/home/shane/.cache/typescript/3.2'
[1:18:59.263] Trying to find '/home/shane/.cache/typescript/3.2/package.json'...
[1:18:59.264] Loaded content of '/home/shane/.cache/typescript/3.2/package.json': {"private":true,"dependencies":{"types-registry":"^0.1.529"},"devDependencies":{"@types/angular":"^1.8.0","@types/angular-route":"^1.7.1","@types/async":"^3.2.4","@types/atob":"^2.1.2","@types/aws4":"^1.5.1","@types/bittorrent-protocol":"^3.1.1","@types/bootstrap":"^5.0.0","@types/caseless":"^0.12.2","@types/chai":"^4.2.14","@types/clipboard":"^2.0.1","@types/clone":"^2.1.0","@types/concurrently":"^5.2.1","@types/copy-webpack-plugin":"^6.3.0","@types/copyfiles":"^2.2.0","@types/core-js":"^2.5.4","@types/cssbeautify":"^0.3.1","@types/d":"^1.0.0","@types/d3-array":"^2.8.0","@types/d3-axis":"^2.0.0","@types/d3-collection":"^1.0.10","@types/d3-color":"^2.0.1","@types/d3-format":"^2.0.0","@types/d3-interpolate":"^2.0.0","@types/d3-scale":"^3.2.1","@types/d3-selection":"^2.0.0","@types/d3-time":"^2.0.0","@types/d3-time-format":"^3.0.0","@types/debug":"^4.1.5","@types/diff":"^4.0.2","@types/duplicate-package-checker-webpack-plugin":"^2.1.0","@types/elliptic":"^6.4.12","@types/escape-html":"^1.0.0","@types/eslint":"^7.2.5","@types/eslint-config-prettier":"^6.11.0","@types/eslint-plugin-prettier":"^3.1.0","@types/event-emitter":"^0.3.3","@types/express":"^4.17.9","@types/extend":"^3.0.1","@types/ffi-napi":"^2.4.3","@types/file-loader":"^4.2.0","@types/file-saver":"^2.0.1","@types/forever-agent":"^0.6.0","@types/generate-changelog":"^1.8.0","@types/git-rev-sync":"^2.0.0","@types/glob":"^7.1.3","@types/grunt":"^0.4.25","@types/hashring":"^3.2.1","@types/hat":"0.0.1","@types/he":"^1.1.1","@types/heap":"^0.2.28","@types/imagemin":"^7.0.0","@types/inherits":"0.0.30","@types/is-glob":"^4.0.1","@types/is-typedarray":"^1.0.0","@types/isstream":"^0.1.0","@types/jquery":"^3.5.0","@types/js-yaml":"^3.12.5","@types/json-stringify-safe":"^5.0.0","@types/karma":"^5.0.1","@types/karma-chrome-launcher":"^3.1.0","@types/karma-coverage":"^1.1.2","@types/karma-coverage-istanbul-reporter":"^2.1.0","@types/karma-firefox-launcher":"^1.3.0","@types/karma-jasmine":"^3.1.0","@types/karma-webpack":"^2.0.7","@types/lodash":"^4.14.165","@types/lodash.uniqueid":"^4.0.6","@types/magnet-uri":"^5.1.2","@types/marked":"^1.2.0","@types/messenger":"^1.4.28","@types/mime-types":"^2.1.0","@types/mini-css-extract-plugin":"^1.2.1","@types/minimist":"^1.2.1","@types/mkdirp":"^1.0.1","@types/mocha":"^8.0.4","@types/moment-duration-format":"^2.2.2","@types/node":"^14.0.13","@types/node-fetch":"^2.5.7","@types/node-sass":"^4.11.1","@types/object-assign":"^4.0.30","@types/once":"^1.4.0","@types/phantomjs":"^1.9.30","@types/postcss-flexbugs-fixes":"^4.2.0","@types/postcss-import":"^12.0.0","@types/prettier":"^2.1.5","@types/prettyjson":"0.0.29","@types/prismjs":"^1.16.1","@types/promise-memoize":"^1.2.0","@types/puppeteer":"^5.4.0","@types/qs":"^6.9.5","@types/randomstring":"^1.1.6","@types/rc":"^1.1.0","@types/react":"^16.9.53","@types/react-dom":"^16.9.8","@types/react-native":"^0.63.30","@types/request":"^2.48.5","@types/rimraf":"^3.0.0","@types/sass":"^1.16.0","@types/sass-loader":"^8.0.0","@types/secp256k1":"^4.0.1","@types/showdown":"^1.9.3","@types/sinon":"^9.0.8","@types/sinon-chai":"^3.2.5","@types/source-map-support":"^0.5.3","@types/split":"^1.0.0","@types/sprintf":"^0.1.0","@types/string-similarity":"^3.0.0","@types/through":"0.0.30","@types/tough-cookie":"^4.0.0","@types/ua-parser-js":"^0.7.33","@types/underscore.string":"0.0.38","@types/uuid":"^8.3.0","@types/vue-select":"^2.5.0","@types/webpack":"^4.41.25","@types/webpack-bundle-analyzer":"^3.8.0","@types/webpack-dev-middleware":"^3.7.2","@types/webpack-dev-server":"^3.11.0","@types/webpack-hot-middleware":"^2.25.3","@types/webtorrent":"^0.109.0","@types/ws":"^7.4.0","@types/xo":"^0.28.0","@types/zepto":"^1.0.31"}}
[1:18:59.264] Loaded content of '/home/shane/.cache/typescript/3.2/package-lock.json'
[1:18:59.275] Adding entry into typings cache: 'angular' => '/home/shane/.cache/typescript/3.2/node_modules/@types/angular/index.d.ts'
[1:18:59.278] Adding entry into typings cache: 'angular-route' => '/home/shane/.cache/typescript/3.2/node_modules/@types/angular-route/index.d.ts'
[1:18:59.285] Adding entry into typings cache: 'async' => '/home/shane/.cache/typescript/3.2/node_modules/@types/async/index.d.ts'
[1:18:59.287] Adding entry into typings cache: 'atob' => '/home/shane/.cache/typescript/3.2/node_modules/@types/atob/index.d.ts'
[1:18:59.289] Adding entry into typings cache: 'aws4' => '/home/shane/.cache/typescript/3.2/node_modules/@types/aws4/index.d.ts'
[1:18:59.291] Adding entry into typings cache: 'bittorrent-protocol' => '/home/shane/.cache/typescript/3.2/node_modules/@types/bittorrent-protocol/index.d.ts'
[1:18:59.294] Adding entry into typings cache: 'bootstrap' => '/home/shane/.cache/typescript/3.2/node_modules/@types/bootstrap/index.d.ts'
[1:18:59.295] Adding entry into typings cache: 'caseless' => '/home/shane/.cache/typescript/3.2/node_modules/@types/caseless/index.d.ts'
[1:18:59.298] Adding entry into typings cache: 'chai' => '/home/shane/.cache/typescript/3.2/node_modules/@types/chai/index.d.ts'
[1:18:59.299] Adding entry into typings cache: 'clipboard' => '/home/shane/.cache/typescript/3.2/node_modules/@types/clipboard/index.d.ts'
[1:18:59.301] Adding entry into typings cache: 'clone' => '/home/shane/.cache/typescript/3.2/node_modules/@types/clone/index.d.ts'
[1:18:59.302] Adding entry into typings cache: 'concurrently' => '/home/shane/.cache/typescript/3.2/node_modules/@types/concurrently/index.d.ts'
[1:18:59.304] Adding entry into typings cache: 'copy-webpack-plugin' => '/home/shane/.cache/typescript/3.2/node_modules/@types/copy-webpack-plugin/index.d.ts'
[1:18:59.306] Adding entry into typings cache: 'copyfiles' => '/home/shane/.cache/typescript/3.2/node_modules/@types/copyfiles/index.d.ts'
[1:18:59.307] Adding entry into typings cache: 'core-js' => '/home/shane/.cache/typescript/3.2/node_modules/@types/core-js/index.d.ts'
[1:18:59.308] Adding entry into typings cache: 'cssbeautify' => '/home/shane/.cache/typescript/3.2/node_modules/@types/cssbeautify/index.d.ts'
[1:18:59.310] Adding entry into typings cache: 'd' => '/home/shane/.cache/typescript/3.2/node_modules/@types/d/index.d.ts'
[1:18:59.312] Adding entry into typings cache: 'd3-array' => '/home/shane/.cache/typescript/3.2/node_modules/@types/d3-array/index.d.ts'
[1:18:59.313] Adding entry into typings cache: 'd3-axis' => '/home/shane/.cache/typescript/3.2/node_modules/@types/d3-axis/index.d.ts'
[1:18:59.315] Adding entry into typings cache: 'd3-collection' => '/home/shane/.cache/typescript/3.2/node_modules/@types/d3-collection/index.d.ts'
[1:18:59.317] Adding entry into typings cache: 'd3-color' => '/home/shane/.cache/typescript/3.2/node_modules/@types/d3-color/index.d.ts'
[1:18:59.318] Adding entry into typings cache: 'd3-format' => '/home/shane/.cache/typescript/3.2/node_modules/@types/d3-format/index.d.ts'
[1:18:59.320] Adding entry into typings cache: 'd3-interpolate' => '/home/shane/.cache/typescript/3.2/node_modules/@types/d3-interpolate/index.d.ts'
[1:18:59.321] Adding entry into typings cache: 'd3-scale' => '/home/shane/.cache/typescript/3.2/node_modules/@types/d3-scale/index.d.ts'
[1:18:59.323] Adding entry into typings cache: 'd3-selection' => '/home/shane/.cache/typescript/3.2/node_modules/@types/d3-selection/index.d.ts'
[1:18:59.325] Adding entry into typings cache: 'd3-time' => '/home/shane/.cache/typescript/3.2/node_modules/@types/d3-time/index.d.ts'
[1:18:59.326] Adding entry into typings cache: 'd3-time-format' => '/home/shane/.cache/typescript/3.2/node_modules/@types/d3-time-format/index.d.ts'
[1:18:59.330] Adding entry into typings cache: 'debug' => '/home/shane/.cache/typescript/3.2/node_modules/@types/debug/index.d.ts'
[1:18:59.332] Adding entry into typings cache: 'diff' => '/home/shane/.cache/typescript/3.2/node_modules/@types/diff/index.d.ts'
[1:18:59.333] Adding entry into typings cache: 'duplicate-package-checker-webpack-plugin' => '/home/shane/.cache/typescript/3.2/node_modules/@types/duplicate-package-checker-webpack-plugin/index.d.ts'
[1:18:59.335] Adding entry into typings cache: 'elliptic' => '/home/shane/.cache/typescript/3.2/node_modules/@types/elliptic/index.d.ts'
[1:18:59.337] Adding entry into typings cache: 'escape-html' => '/home/shane/.cache/typescript/3.2/node_modules/@types/escape-html/index.d.ts'
[1:18:59.340] Adding entry into typings cache: 'eslint' => '/home/shane/.cache/typescript/3.2/node_modules/@types/eslint/index.d.ts'
[1:18:59.341] Adding entry into typings cache: 'eslint-config-prettier' => '/home/shane/.cache/typescript/3.2/node_modules/@types/eslint-config-prettier/index.d.ts'
[1:18:59.344] Adding entry into typings cache: 'eslint-plugin-prettier' => '/home/shane/.cache/typescript/3.2/node_modules/@types/eslint-plugin-prettier/index.d.ts'
[1:18:59.346] Adding entry into typings cache: 'event-emitter' => '/home/shane/.cache/typescript/3.2/node_modules/@types/event-emitter/index.d.ts'
[1:18:59.349] Adding entry into typings cache: 'express' => '/home/shane/.cache/typescript/3.2/node_modules/@types/express/index.d.ts'
[1:18:59.351] Adding entry into typings cache: 'extend' => '/home/shane/.cache/typescript/3.2/node_modules/@types/extend/index.d.ts'
[1:18:59.352] Adding entry into typings cache: 'ffi-napi' => '/home/shane/.cache/typescript/3.2/node_modules/@types/ffi-napi/index.d.ts'
[1:18:59.355] Adding entry into typings cache: 'file-loader' => '/home/shane/.cache/typescript/3.2/node_modules/@types/file-loader/index.d.ts'
[1:18:59.356] Adding entry into typings cache: 'file-saver' => '/home/shane/.cache/typescript/3.2/node_modules/@types/file-saver/index.d.ts'
[1:18:59.358] Adding entry into typings cache: 'forever-agent' => '/home/shane/.cache/typescript/3.2/node_modules/@types/forever-agent/index.d.ts'
[1:18:59.359] Adding entry into typings cache: 'generate-changelog' => '/home/shane/.cache/typescript/3.2/node_modules/@types/generate-changelog/index.d.ts'
[1:18:59.361] Adding entry into typings cache: 'git-rev-sync' => '/home/shane/.cache/typescript/3.2/node_modules/@types/git-rev-sync/index.d.ts'
[1:18:59.362] Adding entry into typings cache: 'glob' => '/home/shane/.cache/typescript/3.2/node_modules/@types/glob/index.d.ts'
[1:18:59.363] Adding entry into typings cache: 'grunt' => '/home/shane/.cache/typescript/3.2/node_modules/@types/grunt/index.d.ts'
[1:18:59.365] Adding entry into typings cache: 'hashring' => '/home/shane/.cache/typescript/3.2/node_modules/@types/hashring/index.d.ts'
[1:18:59.366] Adding entry into typings cache: 'hat' => '/home/shane/.cache/typescript/3.2/node_modules/@types/hat/index.d.ts'
[1:18:59.367] Adding entry into typings cache: 'he' => '/home/shane/.cache/typescript/3.2/node_modules/@types/he/index.d.ts'
[1:18:59.368] Adding entry into typings cache: 'heap' => '/home/shane/.cache/typescript/3.2/node_modules/@types/heap/index.d.ts'
[1:18:59.370] Adding entry into typings cache: 'imagemin' => '/home/shane/.cache/typescript/3.2/node_modules/@types/imagemin/index.d.ts'
[1:18:59.371] Adding entry into typings cache: 'inherits' => '/home/shane/.cache/typescript/3.2/node_modules/@types/inherits/index.d.ts'
[1:18:59.373] Adding entry into typings cache: 'is-glob' => '/home/shane/.cache/typescript/3.2/node_modules/@types/is-glob/index.d.ts'
[1:18:59.374] Adding entry into typings cache: 'is-typedarray' => '/home/shane/.cache/typescript/3.2/node_modules/@types/is-typedarray/index.d.ts'
[1:18:59.376] Adding entry into typings cache: 'isstream' => '/home/shane/.cache/typescript/3.2/node_modules/@types/isstream/index.d.ts'
[1:18:59.377] Adding entry into typings cache: 'jquery' => '/home/shane/.cache/typescript/3.2/node_modules/@types/jquery/index.d.ts'
[1:18:59.379] Adding entry into typings cache: 'js-yaml' => '/home/shane/.cache/typescript/3.2/node_modules/@types/js-yaml/index.d.ts'
[1:18:59.380] Adding entry into typings cache: 'json-stringify-safe' => '/home/shane/.cache/typescript/3.2/node_modules/@types/json-stringify-safe/index.d.ts'
[1:18:59.381] Adding entry into typings cache: 'karma' => '/home/shane/.cache/typescript/3.2/node_modules/@types/karma/index.d.ts'
[1:18:59.382] Adding entry into typings cache: 'karma-chrome-launcher' => '/home/shane/.cache/typescript/3.2/node_modules/@types/karma-chrome-launcher/index.d.ts'
[1:18:59.383] Adding entry into typings cache: 'karma-coverage' => '/home/shane/.cache/typescript/3.2/node_modules/@types/karma-coverage/index.d.ts'
[1:18:59.385] Adding entry into typings cache: 'karma-coverage-istanbul-reporter' => '/home/shane/.cache/typescript/3.2/node_modules/@types/karma-coverage-istanbul-reporter/index.d.ts'
[1:18:59.386] Adding entry into typings cache: 'karma-firefox-launcher' => '/home/shane/.cache/typescript/3.2/node_modules/@types/karma-firefox-launcher/index.d.ts'
[1:18:59.386] Adding entry into typings cache: 'karma-jasmine' => '/home/shane/.cache/typescript/3.2/node_modules/@types/karma-jasmine/index.d.ts'
[1:18:59.387] Adding entry into typings cache: 'karma-webpack' => '/home/shane/.cache/typescript/3.2/node_modules/@types/karma-webpack/index.d.ts'
[1:18:59.390] Adding entry into typings cache: 'lodash' => '/home/shane/.cache/typescript/3.2/node_modules/@types/lodash/index.d.ts'
[1:18:59.392] Adding entry into typings cache: 'lodash.uniqueid' => '/home/shane/.cache/typescript/3.2/node_modules/@types/lodash.uniqueid/index.d.ts'
[1:18:59.394] Adding entry into typings cache: 'magnet-uri' => '/home/shane/.cache/typescript/3.2/node_modules/@types/magnet-uri/index.d.ts'
[1:18:59.395] Adding entry into typings cache: 'marked' => '/home/shane/.cache/typescript/3.2/node_modules/@types/marked/index.d.ts'
[1:18:59.397] Adding entry into typings cache: 'messenger' => '/home/shane/.cache/typescript/3.2/node_modules/@types/messenger/index.d.ts'
[1:18:59.402] Adding entry into typings cache: 'mime-types' => '/home/shane/.cache/typescript/3.2/node_modules/@types/mime-types/index.d.ts'
[1:18:59.403] Adding entry into typings cache: 'mini-css-extract-plugin' => '/home/shane/.cache/typescript/3.2/node_modules/@types/mini-css-extract-plugin/index.d.ts'
[1:18:59.405] Adding entry into typings cache: 'minimist' => '/home/shane/.cache/typescript/3.2/node_modules/@types/minimist/index.d.ts'
[1:18:59.407] Adding entry into typings cache: 'mkdirp' => '/home/shane/.cache/typescript/3.2/node_modules/@types/mkdirp/index.d.ts'
[1:18:59.408] Adding entry into typings cache: 'mocha' => '/home/shane/.cache/typescript/3.2/node_modules/@types/mocha/index.d.ts'
[1:18:59.410] Adding entry into typings cache: 'moment-duration-format' => '/home/shane/.cache/typescript/3.2/node_modules/@types/moment-duration-format/index.d.ts'
[1:18:59.414] Adding entry into typings cache: 'node' => '/home/shane/.cache/typescript/3.2/node_modules/@types/node/ts3.2/index.d.ts'
[1:18:59.415] Adding entry into typings cache: 'node-fetch' => '/home/shane/.cache/typescript/3.2/node_modules/@types/node-fetch/index.d.ts'
[1:18:59.416] Adding entry into typings cache: 'node-sass' => '/home/shane/.cache/typescript/3.2/node_modules/@types/node-sass/index.d.ts'
[1:18:59.417] Adding entry into typings cache: 'object-assign' => '/home/shane/.cache/typescript/3.2/node_modules/@types/object-assign/index.d.ts'
[1:18:59.418] Adding entry into typings cache: 'once' => '/home/shane/.cache/typescript/3.2/node_modules/@types/once/index.d.ts'
[1:18:59.419] Adding entry into typings cache: 'phantomjs' => '/home/shane/.cache/typescript/3.2/node_modules/@types/phantomjs/index.d.ts'
[1:18:59.419] Adding entry into typings cache: 'postcss-flexbugs-fixes' => '/home/shane/.cache/typescript/3.2/node_modules/@types/postcss-flexbugs-fixes/index.d.ts'
[1:18:59.420] Adding entry into typings cache: 'postcss-import' => '/home/shane/.cache/typescript/3.2/node_modules/@types/postcss-import/index.d.ts'
[1:18:59.421] Adding entry into typings cache: 'prettier' => '/home/shane/.cache/typescript/3.2/node_modules/@types/prettier/index.d.ts'
[1:18:59.422] Adding entry into typings cache: 'prettyjson' => '/home/shane/.cache/typescript/3.2/node_modules/@types/prettyjson/index.d.ts'
[1:18:59.423] Adding entry into typings cache: 'prismjs' => '/home/shane/.cache/typescript/3.2/node_modules/@types/prismjs/index.d.ts'
[1:18:59.425] Adding entry into typings cache: 'promise-memoize' => '/home/shane/.cache/typescript/3.2/node_modules/@types/promise-memoize/index.d.ts'
[1:18:59.426] Adding entry into typings cache: 'puppeteer' => '/home/shane/.cache/typescript/3.2/node_modules/@types/puppeteer/index.d.ts'
[1:18:59.427] Adding entry into typings cache: 'qs' => '/home/shane/.cache/typescript/3.2/node_modules/@types/qs/index.d.ts'
[1:18:59.428] Adding entry into typings cache: 'randomstring' => '/home/shane/.cache/typescript/3.2/node_modules/@types/randomstring/index.d.ts'
[1:18:59.429] Adding entry into typings cache: 'rc' => '/home/shane/.cache/typescript/3.2/node_modules/@types/rc/index.d.ts'
[1:18:59.430] Adding entry into typings cache: 'react' => '/home/shane/.cache/typescript/3.2/node_modules/@types/react/index.d.ts'
[1:18:59.431] Adding entry into typings cache: 'react-dom' => '/home/shane/.cache/typescript/3.2/node_modules/@types/react-dom/index.d.ts'
[1:18:59.433] Adding entry into typings cache: 'react-native' => '/home/shane/.cache/typescript/3.2/node_modules/@types/react-native/index.d.ts'
[1:18:59.435] Adding entry into typings cache: 'request' => '/home/shane/.cache/typescript/3.2/node_modules/@types/request/index.d.ts'
[1:18:59.436] Adding entry into typings cache: 'rimraf' => '/home/shane/.cache/typescript/3.2/node_modules/@types/rimraf/index.d.ts'
[1:18:59.437] Adding entry into typings cache: 'sass' => '/home/shane/.cache/typescript/3.2/node_modules/@types/sass/index.d.ts'
[1:18:59.438] Adding entry into typings cache: 'sass-loader' => '/home/shane/.cache/typescript/3.2/node_modules/@types/sass-loader/index.d.ts'
[1:18:59.439] Adding entry into typings cache: 'secp256k1' => '/home/shane/.cache/typescript/3.2/node_modules/@types/secp256k1/index.d.ts'
[1:18:59.440] Adding entry into typings cache: 'showdown' => '/home/shane/.cache/typescript/3.2/node_modules/@types/showdown/index.d.ts'
[1:18:59.441] Adding entry into typings cache: 'sinon' => '/home/shane/.cache/typescript/3.2/node_modules/@types/sinon/index.d.ts'
[1:18:59.442] Adding entry into typings cache: 'sinon-chai' => '/home/shane/.cache/typescript/3.2/node_modules/@types/sinon-chai/index.d.ts'
[1:18:59.443] Adding entry into typings cache: 'source-map-support' => '/home/shane/.cache/typescript/3.2/node_modules/@types/source-map-support/index.d.ts'
[1:18:59.444] Adding entry into typings cache: 'split' => '/home/shane/.cache/typescript/3.2/node_modules/@types/split/index.d.ts'
[1:18:59.445] Adding entry into typings cache: 'sprintf' => '/home/shane/.cache/typescript/3.2/node_modules/@types/sprintf/index.d.ts'
[1:18:59.446] Adding entry into typings cache: 'string-similarity' => '/home/shane/.cache/typescript/3.2/node_modules/@types/string-similarity/index.d.ts'
[1:18:59.447] Adding entry into typings cache: 'through' => '/home/shane/.cache/typescript/3.2/node_modules/@types/through/index.d.ts'
[1:18:59.448] Adding entry into typings cache: 'tough-cookie' => '/home/shane/.cache/typescript/3.2/node_modules/@types/tough-cookie/index.d.ts'
[1:18:59.449] Adding entry into typings cache: 'ua-parser-js' => '/home/shane/.cache/typescript/3.2/node_modules/@types/ua-parser-js/index.d.ts'
[1:18:59.450] Adding entry into typings cache: 'underscore.string' => '/home/shane/.cache/typescript/3.2/node_modules/@types/underscore.string/index.d.ts'
[1:18:59.451] Adding entry into typings cache: 'uuid' => '/home/shane/.cache/typescript/3.2/node_modules/@types/uuid/index.d.ts'
[1:18:59.453] Adding entry into typings cache: 'vue-select' => '/home/shane/.cache/typescript/3.2/node_modules/@types/vue-select/index.d.ts'
[1:18:59.454] Adding entry into typings cache: 'webpack' => '/home/shane/.cache/typescript/3.2/node_modules/@types/webpack/index.d.ts'
[1:18:59.455] Adding entry into typings cache: 'webpack-bundle-analyzer' => '/home/shane/.cache/typescript/3.2/node_modules/@types/webpack-bundle-analyzer/index.d.ts'
[1:18:59.456] Adding entry into typings cache: 'webpack-dev-middleware' => '/home/shane/.cache/typescript/3.2/node_modules/@types/webpack-dev-middleware/index.d.ts'
[1:18:59.458] Adding entry into typings cache: 'webpack-dev-server' => '/home/shane/.cache/typescript/3.2/node_modules/@types/webpack-dev-server/index.d.ts'
[1:18:59.459] Adding entry into typings cache: 'webpack-hot-middleware' => '/home/shane/.cache/typescript/3.2/node_modules/@types/webpack-hot-middleware/index.d.ts'
[1:18:59.460] Adding entry into typings cache: 'webtorrent' => '/home/shane/.cache/typescript/3.2/node_modules/@types/webtorrent/index.d.ts'
[1:18:59.461] Adding entry into typings cache: 'ws' => '/home/shane/.cache/typescript/3.2/node_modules/@types/ws/index.d.ts'
[1:18:59.461] Adding entry into typings cache: 'xo' => '/home/shane/.cache/typescript/3.2/node_modules/@types/xo/index.d.ts'
[1:18:59.462] Adding entry into typings cache: 'zepto' => '/home/shane/.cache/typescript/3.2/node_modules/@types/zepto/index.d.ts'
[1:18:59.462] Finished processing cache location '/home/shane/.cache/typescript/3.2'
[1:18:59.462] Process id: 13761
[1:18:59.462] NPM location: "/usr/local/bin/npm" (explicit '--npmLocation' not  provided)
[1:18:59.462] Npm config file: /home/shane/.cache/typescript/3.2/package.json
[1:18:59.463] Updating types-registry npm package...
[1:18:59.463] Exec: "/usr/local/bin/npm" install --ignore-scripts types-registry@latest
[1:19:1.483]     Succeeded. stdout:
    + types-registry@0.1.529
    updated 1 package and audited 199 packages in 1.547s

3 packages are looking for funding
  run `npm fund` for details

found 0 vulnerabilities


[1:19:1.483] Updated types-registry npm package
[1:19:5.72] Got install request {"projectName":"/dev/null/inferredProject1*","fileNames":["/usr/local/lib/node_modules/typescript/lib/lib.d.ts","/usr/local/lib/node_modules/typescript/lib/lib.es5.d.ts","/usr/local/lib/node_modules/typescript/lib/lib.dom.d.ts","/usr/local/lib/node_modules/typescript/lib/lib.webworker.importscripts.d.ts","/usr/local/lib/node_modules/typescript/lib/lib.scripthost.d.ts","/home/shane/var/smulliga/source/git/Nishk23/spaCy-Custom-NER-creation/NER solution.ipynb"],"compilerOptions":{"target":1,"jsx":1,"allowNonTsExtensions":true,"allowJs":true,"noEmitForJsFiles":true},"typeAcquisition":{"enable":true,"include":[],"exclude":[]},"unresolvedImports":[],"projectRootPath":"/home/shane/var/smulliga/source/git/Nishk23/spaCy-Custom-NER-creation","kind":"discover"}
[1:19:5.79] Loaded safelist from types map file '/usr/local/lib/node_modules/typescript/lib/typesMap.json'
[1:19:5.79] Explicitly included types: []
[1:19:5.80] Inferred typings from unresolved imports: []
[1:19:5.80] Result: {"cachedTypingPaths":[],"newTypingNames":[],"filesToWatch":["/home/shane/var/smulliga/source/git/Nishk23/spaCy-Custom-NER-creation/bower_components","/home/shane/var/smulliga/source/git/Nishk23/spaCy-Custom-NER-creation/node_modules"]}
[1:19:5.80] Finished typings discovery: {"cachedTypingPaths":[],"newTypingNames":[],"filesToWatch":["/home/shane/var/smulliga/source/git/Nishk23/spaCy-Custom-NER-creation/bower_components","/home/shane/var/smulliga/source/git/Nishk23/spaCy-Custom-NER-creation/node_modules"]}
[1:19:5.80] DirectoryWatcher:: Added:: WatchInfo: /home/shane/var/smulliga/source/git/Nishk23/spaCy-Custom-NER-creation/bower_components
[1:19:5.81] DirectoryWatcher:: Added:: WatchInfo: /home/shane/var/smulliga/source/git/Nishk23/spaCy-Custom-NER-creation/node_modules
[1:19:5.81] Sending response:
    {"projectName":"/dev/null/inferredProject1*","typeAcquisition":{"enable":true,"include":[],"exclude":[]},"compilerOptions":{"target":1,"jsx":1,"allowNonTsExtensions":true,"allowJs":true,"noEmitForJsFiles":true},"typings":[],"unresolvedImports":[],"kind":"action::set"}
[1:19:5.82] Response has been sent.
[1:19:5.82] No new typings were requested as a result of typings discovery
[1:19:5.105] Got install request {"projectName":"/dev/null/inferredProject1*","fileNames":[],"compilerOptions":{"target":1,"jsx":1,"allowNonTsExtensions":true,"allowJs":true,"noEmitForJsFiles":true},"typeAcquisition":{"enable":true,"include":[],"exclude":[]},"unresolvedImports":[],"projectRootPath":"/home/shane/var/smulliga/source/git/Nishk23/spaCy-Custom-NER-creation","kind":"discover"}
[1:19:5.105] Explicitly included types: []
[1:19:5.105] Inferred typings from unresolved imports: []
[1:19:5.105] Result: {"cachedTypingPaths":[],"newTypingNames":[],"filesToWatch":["/home/shane/var/smulliga/source/git/Nishk23/spaCy-Custom-NER-creation/bower_components","/home/shane/var/smulliga/source/git/Nishk23/spaCy-Custom-NER-creation/node_modules"]}
[1:19:5.105] Finished typings discovery: {"cachedTypingPaths":[],"newTypingNames":[],"filesToWatch":["/home/shane/var/smulliga/source/git/Nishk23/spaCy-Custom-NER-creation/bower_components","/home/shane/var/smulliga/source/git/Nishk23/spaCy-Custom-NER-creation/node_modules"]}
[1:19:5.105] Sending response:
    {"projectName":"/dev/null/inferredProject1*","typeAcquisition":{"enable":true,"include":[],"exclude":[]},"compilerOptions":{"target":1,"jsx":1,"allowNonTsExtensions":true,"allowJs":true,"noEmitForJsFiles":true},"typings":[],"unresolvedImports":[],"kind":"action::set"}
[1:19:5.105] Response has been sent.
[1:19:5.105] No new typings were requested as a result of typings discovery
[12:58:13.352] Got install request {"projectName":"/dev/null/inferredProject1*","fileNames":["/usr/local/lib/node_modules/typescript/lib/lib.d.ts","/usr/local/lib/node_modules/typescript/lib/lib.es5.d.ts","/usr/local/lib/node_modules/typescript/lib/lib.dom.d.ts","/usr/local/lib/node_modules/typescript/lib/lib.webworker.importscripts.d.ts","/usr/local/lib/node_modules/typescript/lib/lib.scripthost.d.ts","/home/shane/var/smulliga/source/git/Nishk23/spaCy-Custom-NER-creation/NER solution.ipynb"],"compilerOptions":{"target":1,"jsx":1,"allowNonTsExtensions":true,"allowJs":true,"noEmitForJsFiles":true},"typeAcquisition":{"enable":true,"include":[],"exclude":[]},"unresolvedImports":[],"projectRootPath":"/home/shane/var/smulliga/source/git/Nishk23/spaCy-Custom-NER-creation","kind":"discover"}
[12:58:13.352] Explicitly included types: []
[12:58:13.352] Inferred typings from unresolved imports: []
[12:58:13.353] Result: {"cachedTypingPaths":[],"newTypingNames":[],"filesToWatch":["/home/shane/var/smulliga/source/git/Nishk23/spaCy-Custom-NER-creation/bower_components","/home/shane/var/smulliga/source/git/Nishk23/spaCy-Custom-NER-creation/node_modules"]}
[12:58:13.353] Finished typings discovery: {"cachedTypingPaths":[],"newTypingNames":[],"filesToWatch":["/home/shane/var/smulliga/source/git/Nishk23/spaCy-Custom-NER-creation/bower_components","/home/shane/var/smulliga/source/git/Nishk23/spaCy-Custom-NER-creation/node_modules"]}
[12:58:13.353] Sending response:
    {"projectName":"/dev/null/inferredProject1*","typeAcquisition":{"enable":true,"include":[],"exclude":[]},"compilerOptions":{"target":1,"jsx":1,"allowNonTsExtensions":true,"allowJs":true,"noEmitForJsFiles":true},"typings":[],"unresolvedImports":[],"kind":"action::set"}
[12:58:13.353] Response has been sent.
[12:58:13.353] No new typings were requested as a result of typings discovery
