Info 0    [1:18:59.145] Starting TS Server
Info 1    [1:18:59.146] Version: 3.2.2
Info 2    [1:18:59.146] Arguments: /usr/local/bin/node /usr/local/bin/tsserver --logFile /home/shane/var/smulliga/source/git/Nishk23/spaCy-Custom-NER-creation/.log/tsserver.log --logVerbosity info --cancellationPipeName /tmp/d8228e2e6144db9d478a7d95918174e2/tscancellation*
Info 3    [1:18:59.146] Platform: linux NodeVersion: 12 CaseSensitive: true
Info 4    [1:19:1.364] Search path: /home/shane/var/smulliga/source/git/Nishk23/spaCy-Custom-NER-creation
Info 5    [1:19:1.365] For info: /home/shane/var/smulliga/source/git/Nishk23/spaCy-Custom-NER-creation/NER solution.ipynb :: No config files found.
Info 6    [1:19:1.369] Starting updateGraphWorker: Project: /dev/null/inferredProject1*
Info 7    [1:19:4.968] Finishing updateGraphWorker: Project: /dev/null/inferredProject1* Version: 1 structureChanged: true Elapsed: 3599ms
Info 8    [1:19:4.996] Starting updateGraphWorker: Project: /dev/null/inferredProject1*
Info 9    [1:19:5.4] Finishing updateGraphWorker: Project: /dev/null/inferredProject1* Version: 2 structureChanged: true Elapsed: 8ms
Info 10   [1:19:5.5] Structure before ensureProjectForOpenFiles:
Info 11   [1:19:5.5] Structure after ensureProjectForOpenFiles:
Err 12    [1:19:5.14] Exception on executing command {"command":"getApplicableRefactors","seq":7,"type":"request","arguments":{"file":"/home/shane/var/smulliga/source/git/Nishk23/spaCy-Custom-NER-creation/NER solution.ipynb","startLine":1,"startOffset":1,"endLine":1,"endOffset":1}}:

    No Project.

    Error: No Project.
        at Object.ThrowNoProject (/usr/local/lib/node_modules/typescript/lib/tsserver.js:119984:23)
        at ScriptInfo.getDefaultProject (/usr/local/lib/node_modules/typescript/lib/tsserver.js:120561:46)
        at ProjectService.doEnsureDefaultProjectForFile (/usr/local/lib/node_modules/typescript/lib/tsserver.js:122367:48)
        at ProjectService.ensureDefaultProjectForFile (/usr/local/lib/node_modules/typescript/lib/tsserver.js:122362:75)
        at IOSession.Session.getFileAndProjectWorker (/usr/local/lib/node_modules/typescript/lib/tsserver.js:125176:87)
        at IOSession.Session.getFileAndProject (/usr/local/lib/node_modules/typescript/lib/tsserver.js:125161:29)
        at IOSession.Session.getApplicableRefactors (/usr/local/lib/node_modules/typescript/lib/tsserver.js:125603:31)
        at Session.handlers.ts.createMapFromTemplate._a.<computed> (/usr/local/lib/node_modules/typescript/lib/tsserver.js:124479:61)
        at /usr/local/lib/node_modules/typescript/lib/tsserver.js:125824:88
        at IOSession.Session.executeWithRequestId (/usr/local/lib/node_modules/typescript/lib/tsserver.js:125815:28)
        at IOSession.Session.executeCommand (/usr/local/lib/node_modules/typescript/lib/tsserver.js:125824:33)
        at IOSession.Session.onMessage (/usr/local/lib/node_modules/typescript/lib/tsserver.js:125846:35)
        at Interface.<anonymous> (/usr/local/lib/node_modules/typescript/lib/tsserver.js:127106:27)
        at Interface.emit (events.js:315:20)
        at Interface._onLine (readline.js:329:10)
        at Interface._normalWrite (readline.js:474:12)
        at Socket.ondata (readline.js:186:10)
        at Socket.emit (events.js:315:20)
        at addChunk (_stream_readable.js:295:12)
        at readableAddChunk (_stream_readable.js:271:9)
        at Socket.Readable.push (_stream_readable.js:212:10)
        at Pipe.onStreamRead (internal/stream_base_commons.js:186:23)
Info 13   [1:19:5.356] Starting updateGraphWorker: Project: /dev/null/inferredProject1*
Info 14   [1:19:5.357] Finishing updateGraphWorker: Project: /dev/null/inferredProject1* Version: 3 structureChanged: false Elapsed: 1ms
Info 15   [1:19:5.357] Structure before ensureProjectForOpenFiles:
Info 16   [1:19:5.357] Structure after ensureProjectForOpenFiles:
Info 17   [1:19:5.357] got projects updated in background, updating diagnostics for 
